This is pdfTeX, Version 3.14159265-2.6-1.40.17 (TeX Live 2016/Debian) (preloaded format=pdflatex 2017.5.4)  31 MAY 2017 09:35
entering extended mode
 restricted \write18 enabled.
 %&-line parsing enabled.
**capa.tex
(/home/genio/Workspace/TCC/projeto/pre-textuais/capa.tex
LaTeX2e <2017/01/01> patch level 3
Babel <3.9r> and hyphenation patterns for 83 language(s) loaded.

! LaTeX Error: Missing \begin{document}.

See the LaTeX manual or LaTeX Companion for explanation.
Type  H <return>  for immediate help.
 ...                                              
                                                  
l.4  \begin{center}
                   
You're in trouble here.  Try typing  <return>  to proceed.
If that doesn't work, type  X <return>  to quit.


Overfull \hbox (20.0pt too wide) in paragraph at lines 4--4
[] 
 []


! LaTeX Error: Environment figure undefined.

See the LaTeX manual or LaTeX Companion for explanation.
Type  H <return>  for immediate help.
 ...                                              
                                                  
l.5     \begin{figure}
                      [t]
Your command was ignored.
Type  I <command> <return>  to replace it with another command,
or  <return>  to continue without it.

Missing character: There is no [ in font nullfont!
Missing character: There is no t in font nullfont!
Missing character: There is no ] in font nullfont!
! Undefined control sequence.
l.8             \includegraphics
                                [width=15cm]{figuras/logo-uit.pdf}\\[-0.1in]
The control sequence at the end of the top line
of your error message was never \def'ed. If you have
misspelled it (e.g., `\hobx'), type `I' and the correct
spelling (e.g., `I\hbox'). Otherwise just continue,
and I'll forget about whatever was undefined.

Missing character: There is no [ in font nullfont!
Missing character: There is no w in font nullfont!
Missing character: There is no i in font nullfont!
Missing character: There is no d in font nullfont!
Missing character: There is no t in font nullfont!
Missing character: There is no h in font nullfont!
Missing character: There is no = in font nullfont!
Missing character: There is no 1 in font nullfont!
Missing character: There is no 5 in font nullfont!
Missing character: There is no c in font nullfont!
Missing character: There is no m in font nullfont!
Missing character: There is no ] in font nullfont!
Missing character: There is no f in font nullfont!
Missing character: There is no i in font nullfont!
Missing character: There is no g in font nullfont!
Missing character: There is no u in font nullfont!
Missing character: There is no r in font nullfont!
Missing character: There is no a in font nullfont!
Missing character: There is no s in font nullfont!
Missing character: There is no / in font nullfont!
Missing character: There is no l in font nullfont!
Missing character: There is no o in font nullfont!
Missing character: There is no g in font nullfont!
Missing character: There is no o in font nullfont!
Missing character: There is no - in font nullfont!
Missing character: There is no u in font nullfont!
Missing character: There is no i in font nullfont!
Missing character: There is no t in font nullfont!
Missing character: There is no . in font nullfont!
Missing character: There is no p in font nullfont!
Missing character: There is no d in font nullfont!
Missing character: There is no f in font nullfont!

! LaTeX Error: \begin{center} on input line 4 ended by \end{figure}.

See the LaTeX manual or LaTeX Companion for explanation.
Type  H <return>  for immediate help.
 ...                                              
                                                  
l.9      \end{figure}
                     
Your command was ignored.
Type  I <command> <return>  to replace it with another command,
or  <return>  to continue without it.

! Undefined control sequence.
l.11     {\large
                \bfseries UNIVERSIDADE DE ITA√öNA} \\
The control sequence at the end of the top line
of your error message was never \def'ed. If you have
misspelled it (e.g., `\hobx'), type `I' and the correct
spelling (e.g., `I\hbox'). Otherwise just continue,
and I'll forget about whatever was undefined.

Missing character: There is no √ in font cmbx10!
Missing character: There is no ö in font cmbx10!

Overfull \hbox (91.40227pt too wide) in paragraph at lines 11--11
 []\OT1/cmr/bx/n/10 UNIVERSIDADE 
 []


Overfull \hbox (16.37491pt too wide) in paragraph at lines 11--11
 \OT1/cmr/bx/n/10 DE 
 []


Overfull \hbox (37.79146pt too wide) in paragraph at lines 11--11
 \OT1/cmr/bx/n/10 ITANA 
 []

! Undefined control sequence.
l.12     {\large
                \bfseries PR√ì-REITORIA DE ENSINO} \\
The control sequence at the end of the top line
of your error message was never \def'ed. If you have
misspelled it (e.g., `\hobx'), type `I' and the correct
spelling (e.g., `I\hbox'). Otherwise just continue,
and I'll forget about whatever was undefined.

Missing character: There is no √ in font cmbx10!
Missing character: There is no ì in font cmbx10!

Overfull \hbox (20.31934pt too wide) in paragraph at lines 12--12
 []\OT1/cmr/bx/n/10 PR- 
 []


Overfull \hbox (58.86078pt too wide) in paragraph at lines 12--12
 \OT1/cmr/bx/n/10 REITORIA 
 []


Overfull \hbox (16.37491pt too wide) in paragraph at lines 12--12
 \OT1/cmr/bx/n/10 DE 
 []


Overfull \hbox (20.38878pt too wide) in paragraph at lines 12--12
 \OT1/cmr/bx/n/10 EN- 
 []


Overfull \hbox (28.38873pt too wide) in paragraph at lines 12--12
 \OT1/cmr/bx/n/10 SINO 
 []

! Undefined control sequence.
l.13     {\large
                \bfseries COORDENA√á√ÉO DE CI√äNCIA DA COMPUTACAO}  \\
The control sequence at the end of the top line
of your error message was never \def'ed. If you have
misspelled it (e.g., `\hobx'), type `I' and the correct
spelling (e.g., `I\hbox'). Otherwise just continue,
and I'll forget about whatever was undefined.

Missing character: There is no √ in font cmbx10!
Missing character: There is no á in font cmbx10!
Missing character: There is no √ in font cmbx10!
Missing character: There is no É in font cmbx10!
Missing character: There is no √ in font cmbx10!
Missing character: There is no ä in font cmbx10!

Overfull \hbox (76.91624pt too wide) in paragraph at lines 13--13
 []\OT1/cmr/bx/n/10 COORDENAO 
 []


Overfull \hbox (16.37491pt too wide) in paragraph at lines 13--13
 \OT1/cmr/bx/n/10 DE 
 []


Overfull \hbox (25.49986pt too wide) in paragraph at lines 13--13
 \OT1/cmr/bx/n/10 CIN- 
 []


Overfull \hbox (21.361pt too wide) in paragraph at lines 13--13
 \OT1/cmr/bx/n/10 CIA 
 []


Overfull \hbox (17.19435pt too wide) in paragraph at lines 13--13
 \OT1/cmr/bx/n/10 DA 
 []


Overfull \hbox (31.69427pt too wide) in paragraph at lines 13--13
 \OT1/cmr/bx/n/10 COM- 
 []


Overfull \hbox (36.27757pt too wide) in paragraph at lines 13--13
 \OT1/cmr/bx/n/10 PUTA- 
 []


Overfull \hbox (25.3193pt too wide) in paragraph at lines 13--13
 \OT1/cmr/bx/n/10 CAO 
 []

! Undefined control sequence.
l.14     {\large
                \bfseries BACHARELADO EM CI√äNCIA DA COMPUTA√á√ÉO}  \\
The control sequence at the end of the top line
of your error message was never \def'ed. If you have
misspelled it (e.g., `\hobx'), type `I' and the correct
spelling (e.g., `I\hbox'). Otherwise just continue,
and I'll forget about whatever was undefined.

Missing character: There is no √ in font cmbx10!
Missing character: There is no ä in font cmbx10!
Missing character: There is no √ in font cmbx10!
Missing character: There is no á in font cmbx10!
Missing character: There is no √ in font cmbx10!
Missing character: There is no É in font cmbx10!

Overfull \hbox (91.80505pt too wide) in paragraph at lines 14--14
 []\OT1/cmr/bx/n/10 BACHARELADO 
 []


Overfull \hbox (18.47212pt too wide) in paragraph at lines 14--14
 \OT1/cmr/bx/n/10 EM 
 []


Overfull \hbox (25.49986pt too wide) in paragraph at lines 14--14
 \OT1/cmr/bx/n/10 CIN- 
 []


Overfull \hbox (21.361pt too wide) in paragraph at lines 14--14
 \OT1/cmr/bx/n/10 CIA 
 []


Overfull \hbox (17.19435pt too wide) in paragraph at lines 14--14
 \OT1/cmr/bx/n/10 DA 
 []


Overfull \hbox (31.69427pt too wide) in paragraph at lines 14--14
 \OT1/cmr/bx/n/10 COM- 
 []


Overfull \hbox (40.76366pt too wide) in paragraph at lines 14--14
 \OT1/cmr/bx/n/10 PUTAO 
 []


! LaTeX Error: Environment large undefined.

See the LaTeX manual or LaTeX Companion for explanation.
Type  H <return>  for immediate help.
 ...                                              
                                                  
l.17     \begin{large}
                       \bfseries Eug√™nio Cunha\end{large}\\[0.4in]
Your command was ignored.
Type  I <command> <return>  to replace it with another command,
or  <return>  to continue without it.

Missing character: There is no √ in font cmbx10!
Missing character: There is no ™ in font cmbx10!

! LaTeX Error: \begin{center} on input line 4 ended by \end{large}.

See the LaTeX manual or LaTeX Companion for explanation.
Type  H <return>  for immediate help.
 ...                                              
                                                  
l.17 ...large} \bfseries Eug√™nio Cunha\end{large}
                                                  \\[0.4in]
Your command was ignored.
Type  I <command> <return>  to replace it with another command,
or  <return>  to continue without it.


Overfull \hbox (35.02759pt too wide) in paragraph at lines 17--17
 []\OT1/cmr/bx/n/10 Eugnio 
 []


Overfull \hbox (33.0623pt too wide) in paragraph at lines 17--17
 \OT1/cmr/bx/n/10 Cunha 
 []

Missing character: There is no √ in font cmbx10!
Missing character: There is no Å in font cmbx10!
Missing character: There is no √ in font cmbx10!
Missing character: There is no Ä in font cmbx10!
Missing character: There is no √ in font cmbx10!
Missing character: There is no á in font cmbx10!
Missing character: There is no √ in font cmbx10!
Missing character: There is no É in font cmbx10!
Missing character: There is no √ in font cmbx10!
Missing character: There is no á in font cmbx10!
Missing character: There is no √ in font cmbx10!
Missing character: There is no ï in font cmbx10!

Overfull \hbox (88.09674pt too wide) in paragraph at lines 21--21
 []\OT1/cmr/bx/n/10 APRENDIZADO 
 []


Overfull \hbox (16.37491pt too wide) in paragraph at lines 21--21
 \OT1/cmr/bx/n/10 DE 
 []


Overfull \hbox (50.45805pt too wide) in paragraph at lines 21--21
 \OT1/cmr/bx/n/10 MQUINA 
 []


Overfull \hbox (31.66649pt too wide) in paragraph at lines 21--21
 \OT1/cmr/bx/n/10 APLI- 
 []


Overfull \hbox (34.45815pt too wide) in paragraph at lines 21--21
 \OT1/cmr/bx/n/10 CADO 
 []


Overfull \hbox (26.86096pt too wide) in paragraph at lines 21--21
 \OT1/cmr/bx/n/10 VAL- 
 []


Overfull \hbox (12.47215pt too wide) in paragraph at lines 21--21
 \OT1/cmr/bx/n/10 O- 
 []


Overfull \hbox (25.63875pt too wide) in paragraph at lines 21--21
 \OT1/cmr/bx/n/10 RAO 
 []


Overfull \hbox (16.37491pt too wide) in paragraph at lines 21--21
 \OT1/cmr/bx/n/10 DE 
 []


Overfull \hbox (47.31918pt too wide) in paragraph at lines 21--21
 \OT1/cmr/bx/n/10 REDAES 
 []

Missing character: There is no √ in font cmbx10!
Missing character: There is no ö in font cmbx10!

Overfull \hbox (37.79146pt too wide) in paragraph at lines 23--23
 []\OT1/cmr/bx/n/10 ITANA 
 []


Overfull \hbox (22.99988pt too wide) in paragraph at lines 23--24
 []\OT1/cmr/bx/n/10 2017 
 []


! LaTeX Error: The font size command \normalsize is not defined:
               there is probably something wrong with the class file.

See the LaTeX manual or LaTeX Companion for explanation.
Type  H <return>  for immediate help.
 ...                                              
                                                  
l.26 \normalsize
                
Your command was ignored.
Type  I <command> <return>  to replace it with another command,
or  <return>  to continue without it.

)
! Emergency stop.
<*> capa.tex
            
*** (job aborted, no legal \end found)

 
Here is how much of TeX's memory you used:
 13 strings out of 493013
 361 string characters out of 6135683
 54275 words of memory out of 5000000
 3655 multiletter control sequences out of 15000+600000
 3948 words of font info for 15 fonts, out of 8000000 for 9000
 1141 hyphenation exceptions out of 8191
 12i,1n,9p,112b,107s stack positions out of 5000i,500n,10000p,200000b,80000s
!  ==> Fatal error occurred, no output PDF file produced!
